{"/home/ubuntu/workspace/dist/bin/cpm-cli.js":{"path":"/home/ubuntu/workspace/dist/bin/cpm-cli.js","s":{"1":1,"2":1,"3":1,"4":1,"5":1,"6":1,"7":1,"8":1,"9":1,"10":3,"11":3,"12":0,"13":3,"14":3,"15":3,"16":3,"17":3,"18":3,"19":3,"20":3,"21":3,"22":3,"23":3,"24":3,"25":3,"26":0,"27":0,"28":1,"29":0,"30":1},"b":{"1":[1,0],"2":[1,1],"3":[3,0],"4":[3,0],"5":[3,0],"6":[3,0],"7":[0,0],"8":[0,1],"9":[0,0]},"f":{"1":1,"2":3,"3":0,"4":3},"fnMap":{"1":{"name":"_interopRequireDefault","line":12,"loc":{"start":{"line":12,"column":0},"end":{"line":12,"column":37}}},"2":{"name":"EXEC","line":19,"loc":{"start":{"line":19,"column":11},"end":{"line":19,"column":40}}},"3":{"name":"ERR","line":23,"loc":{"start":{"line":23,"column":14},"end":{"line":23,"column":36}}},"4":{"name":"(anonymous_4)","line":30,"loc":{"start":{"line":30,"column":24},"end":{"line":30,"column":49}}}},"statementMap":{"1":{"start":{"line":4,"column":0},"end":{"line":6,"column":3}},"2":{"start":{"line":8,"column":0},"end":{"line":8,"column":34}},"3":{"start":{"line":10,"column":0},"end":{"line":10,"column":41}},"4":{"start":{"line":12,"column":0},"end":{"line":12,"column":95}},"5":{"start":{"line":12,"column":39},"end":{"line":12,"column":93}},"6":{"start":{"line":14,"column":0},"end":{"line":14,"column":23}},"7":{"start":{"line":15,"column":0},"end":{"line":15,"column":27}},"8":{"start":{"line":17,"column":0},"end":{"line":17,"column":27}},"9":{"start":{"line":19,"column":0},"end":{"line":51,"column":2}},"10":{"start":{"line":21,"column":4},"end":{"line":21,"column":26}},"11":{"start":{"line":23,"column":4},"end":{"line":25,"column":6}},"12":{"start":{"line":24,"column":8},"end":{"line":24,"column":47}},"13":{"start":{"line":28,"column":4},"end":{"line":28,"column":68}},"14":{"start":{"line":30,"column":4},"end":{"line":50,"column":7}},"15":{"start":{"line":31,"column":8},"end":{"line":49,"column":9}},"16":{"start":{"line":32,"column":12},"end":{"line":32,"column":47}},"17":{"start":{"line":34,"column":12},"end":{"line":34,"column":46}},"18":{"start":{"line":35,"column":12},"end":{"line":35,"column":77}},"19":{"start":{"line":36,"column":12},"end":{"line":36,"column":56}},"20":{"start":{"line":37,"column":12},"end":{"line":37,"column":82}},"21":{"start":{"line":38,"column":12},"end":{"line":38,"column":64}},"22":{"start":{"line":39,"column":12},"end":{"line":39,"column":93}},"23":{"start":{"line":40,"column":12},"end":{"line":40,"column":42}},"24":{"start":{"line":43,"column":12},"end":{"line":43,"column":43}},"25":{"start":{"line":45,"column":12},"end":{"line":45,"column":88}},"26":{"start":{"line":47,"column":12},"end":{"line":47,"column":91}},"27":{"start":{"line":48,"column":12},"end":{"line":48,"column":28}},"28":{"start":{"line":53,"column":0},"end":{"line":55,"column":1}},"29":{"start":{"line":54,"column":4},"end":{"line":54,"column":50}},"30":{"start":{"line":57,"column":0},"end":{"line":57,"column":23}}},"branchMap":{"1":{"line":12,"type":"cond-expr","locations":[{"start":{"line":12,"column":70},"end":{"line":12,"column":73}},{"start":{"line":12,"column":76},"end":{"line":12,"column":92}}]},"2":{"line":12,"type":"binary-expr","locations":[{"start":{"line":12,"column":46},"end":{"line":12,"column":49}},{"start":{"line":12,"column":53},"end":{"line":12,"column":67}}]},"3":{"line":31,"type":"if","locations":[{"start":{"line":31,"column":8},"end":{"line":31,"column":8}},{"start":{"line":31,"column":8},"end":{"line":31,"column":8}}]},"4":{"line":35,"type":"cond-expr","locations":[{"start":{"line":35,"column":58},"end":{"line":35,"column":60}},{"start":{"line":35,"column":63},"end":{"line":35,"column":76}}]},"5":{"line":37,"type":"cond-expr","locations":[{"start":{"line":37,"column":58},"end":{"line":37,"column":60}},{"start":{"line":37,"column":63},"end":{"line":37,"column":81}}]},"6":{"line":39,"type":"cond-expr","locations":[{"start":{"line":39,"column":66},"end":{"line":39,"column":68}},{"start":{"line":39,"column":71},"end":{"line":39,"column":92}}]},"7":{"line":47,"type":"binary-expr","locations":[{"start":{"line":47,"column":24},"end":{"line":47,"column":28}},{"start":{"line":47,"column":32},"end":{"line":47,"column":34}}]},"8":{"line":53,"type":"if","locations":[{"start":{"line":53,"column":0},"end":{"line":53,"column":0}},{"start":{"line":53,"column":0},"end":{"line":53,"column":0}}]},"9":{"line":54,"type":"binary-expr","locations":[{"start":{"line":54,"column":9},"end":{"line":54,"column":24}},{"start":{"line":54,"column":28},"end":{"line":54,"column":34}}]}}},"/home/ubuntu/workspace/dist/conf/cpm.js":{"path":"/home/ubuntu/workspace/dist/conf/cpm.js","s":{"1":1,"2":1,"3":1,"4":1,"5":1,"6":1,"7":1,"8":1,"9":1,"10":1,"11":1,"12":1,"13":1,"14":1,"15":0,"16":1,"17":1,"18":3,"19":0,"20":1,"21":1,"22":3,"23":3,"24":1,"25":0,"26":0,"27":0,"28":1,"29":1},"b":{"1":[1,1],"2":[1,0],"3":[1,0],"4":[0,1],"5":[0,3],"6":[0,0],"7":[0,0]},"f":{"1":1,"2":1,"3":1,"4":3,"5":1,"6":3,"7":0},"fnMap":{"1":{"name":"(anonymous_1)","line":7,"loc":{"start":{"line":7,"column":19},"end":{"line":7,"column":31}}},"2":{"name":"defineProperties","line":7,"loc":{"start":{"line":7,"column":33},"end":{"line":7,"column":74}}},"3":{"name":"(anonymous_3)","line":7,"loc":{"start":{"line":7,"column":357},"end":{"line":7,"column":405}}},"4":{"name":"_classCallCheck","line":9,"loc":{"start":{"line":9,"column":0},"end":{"line":9,"column":48}}},"5":{"name":"(anonymous_5)","line":11,"loc":{"start":{"line":11,"column":10},"end":{"line":11,"column":22}}},"6":{"name":"CPM","line":12,"loc":{"start":{"line":12,"column":4},"end":{"line":12,"column":23}}},"7":{"name":"die","line":20,"loc":{"start":{"line":20,"column":15},"end":{"line":20,"column":30}}}},"statementMap":{"1":{"start":{"line":3,"column":0},"end":{"line":5,"column":3}},"2":{"start":{"line":7,"column":0},"end":{"line":7,"column":564}},"3":{"start":{"line":7,"column":33},"end":{"line":7,"column":349}},"4":{"start":{"line":7,"column":76},"end":{"line":7,"column":347}},"5":{"start":{"line":7,"column":117},"end":{"line":7,"column":143}},"6":{"start":{"line":7,"column":144},"end":{"line":7,"column":199}},"7":{"start":{"line":7,"column":200},"end":{"line":7,"column":231}},"8":{"start":{"line":7,"column":232},"end":{"line":7,"column":286}},"9":{"start":{"line":7,"column":259},"end":{"line":7,"column":286}},"10":{"start":{"line":7,"column":287},"end":{"line":7,"column":345}},"11":{"start":{"line":7,"column":350},"end":{"line":7,"column":559}},"12":{"start":{"line":7,"column":407},"end":{"line":7,"column":475}},"13":{"start":{"line":7,"column":423},"end":{"line":7,"column":475}},"14":{"start":{"line":7,"column":476},"end":{"line":7,"column":536}},"15":{"start":{"line":7,"column":493},"end":{"line":7,"column":536}},"16":{"start":{"line":7,"column":537},"end":{"line":7,"column":556}},"17":{"start":{"line":9,"column":0},"end":{"line":9,"column":153}},"18":{"start":{"line":9,"column":50},"end":{"line":9,"column":151}},"19":{"start":{"line":9,"column":92},"end":{"line":9,"column":149}},"20":{"start":{"line":11,"column":0},"end":{"line":29,"column":4}},"21":{"start":{"line":12,"column":4},"end":{"line":16,"column":5}},"22":{"start":{"line":13,"column":8},"end":{"line":13,"column":35}},"23":{"start":{"line":15,"column":8},"end":{"line":15,"column":25}},"24":{"start":{"line":18,"column":4},"end":{"line":26,"column":8}},"25":{"start":{"line":21,"column":12},"end":{"line":21,"column":105}},"26":{"start":{"line":23,"column":12},"end":{"line":23,"column":59}},"27":{"start":{"line":24,"column":12},"end":{"line":24,"column":28}},"28":{"start":{"line":28,"column":4},"end":{"line":28,"column":15}},"29":{"start":{"line":31,"column":0},"end":{"line":31,"column":22}}},"branchMap":{"1":{"line":7,"type":"binary-expr","locations":[{"start":{"line":7,"column":168},"end":{"line":7,"column":189}},{"start":{"line":7,"column":193},"end":{"line":7,"column":198}}]},"2":{"line":7,"type":"if","locations":[{"start":{"line":7,"column":232},"end":{"line":7,"column":232}},{"start":{"line":7,"column":232},"end":{"line":7,"column":232}}]},"3":{"line":7,"type":"if","locations":[{"start":{"line":7,"column":407},"end":{"line":7,"column":407}},{"start":{"line":7,"column":407},"end":{"line":7,"column":407}}]},"4":{"line":7,"type":"if","locations":[{"start":{"line":7,"column":476},"end":{"line":7,"column":476}},{"start":{"line":7,"column":476},"end":{"line":7,"column":476}}]},"5":{"line":9,"type":"if","locations":[{"start":{"line":9,"column":50},"end":{"line":9,"column":50}},{"start":{"line":9,"column":50},"end":{"line":9,"column":50}}]},"6":{"line":21,"type":"cond-expr","locations":[{"start":{"line":21,"column":76},"end":{"line":21,"column":89}},{"start":{"line":21,"column":92},"end":{"line":21,"column":104}}]},"7":{"line":21,"type":"binary-expr","locations":[{"start":{"line":21,"column":22},"end":{"line":21,"column":43}},{"start":{"line":21,"column":47},"end":{"line":21,"column":73}}]}}},"/home/ubuntu/workspace/dist/lib/config.js":{"path":"/home/ubuntu/workspace/dist/lib/config.js","s":{"1":1,"2":1,"3":1,"4":0,"5":0,"6":0,"7":0,"8":0,"9":0,"10":0,"11":0,"12":0,"13":0,"14":0,"15":0,"16":0,"17":0,"18":0,"19":0,"20":0,"21":1,"22":3,"23":3,"24":0,"25":0,"26":0,"27":1,"28":3,"29":3,"30":3,"31":3,"32":0,"33":0,"34":0,"35":0,"36":0,"37":0,"38":0,"39":0,"40":3,"41":3,"42":3,"43":3,"44":0,"45":3,"46":3,"47":3,"48":3,"49":3,"50":3,"51":0,"52":0,"53":0,"54":0,"55":0,"56":0,"57":0,"58":3,"59":0,"60":0,"61":0,"62":0,"63":0,"64":0,"65":0,"66":0,"67":3,"68":3,"69":1,"70":3,"71":3,"72":0,"73":3,"74":3,"75":3,"76":3,"77":3,"78":3,"79":3,"80":0,"81":0,"82":0,"83":0,"84":0,"85":3,"86":1,"87":1,"88":1,"89":1,"90":1,"91":1,"92":1},"b":{"1":[0,0],"2":[0,0],"3":[0,0],"4":[0,0],"5":[0,0],"6":[3,0],"7":[0,0],"8":[0,3],"9":[0,3],"10":[0,3],"11":[0,0],"12":[3,0],"13":[0,3],"14":[0,0],"15":[0,0],"16":[0,3],"17":[0,0],"18":[3,0],"19":[0,3],"20":[0,3],"21":[0,0],"22":[0,0],"23":[1,0],"24":[1,1]},"f":{"1":1,"2":0,"3":3,"4":3,"5":3,"6":3,"7":3,"8":1,"9":3,"10":0,"11":1},"fnMap":{"1":{"name":"(anonymous_1)","line":7,"loc":{"start":{"line":7,"column":21},"end":{"line":7,"column":33}}},"2":{"name":"sliceIterator","line":7,"loc":{"start":{"line":7,"column":35},"end":{"line":7,"column":66}}},"3":{"name":"(anonymous_3)","line":7,"loc":{"start":{"line":7,"column":436},"end":{"line":7,"column":454}}},"4":{"name":"(anonymous_4)","line":9,"loc":{"start":{"line":9,"column":18},"end":{"line":9,"column":49}}},"5":{"name":"(anonymous_5)","line":34,"loc":{"start":{"line":34,"column":9},"end":{"line":34,"column":21}}},"6":{"name":"MODIFY","line":35,"loc":{"start":{"line":35,"column":25},"end":{"line":35,"column":43}}},"7":{"name":"(anonymous_7)","line":36,"loc":{"start":{"line":36,"column":55},"end":{"line":36,"column":78}}},"8":{"name":"(anonymous_8)","line":78,"loc":{"start":{"line":78,"column":27},"end":{"line":78,"column":39}}},"9":{"name":"(anonymous_9)","line":98,"loc":{"start":{"line":98,"column":49},"end":{"line":98,"column":66}}},"10":{"name":"(anonymous_10)","line":101,"loc":{"start":{"line":101,"column":44},"end":{"line":101,"column":61}}},"11":{"name":"_interopRequireDefault","line":120,"loc":{"start":{"line":120,"column":0},"end":{"line":120,"column":37}}}},"statementMap":{"1":{"start":{"line":3,"column":0},"end":{"line":5,"column":3}},"2":{"start":{"line":7,"column":0},"end":{"line":7,"column":664}},"3":{"start":{"line":7,"column":35},"end":{"line":7,"column":428}},"4":{"start":{"line":7,"column":68},"end":{"line":7,"column":82}},"5":{"start":{"line":7,"column":83},"end":{"line":7,"column":97}},"6":{"start":{"line":7,"column":98},"end":{"line":7,"column":113}},"7":{"start":{"line":7,"column":114},"end":{"line":7,"column":133}},"8":{"start":{"line":7,"column":134},"end":{"line":7,"column":413}},"9":{"start":{"line":7,"column":140},"end":{"line":7,"column":283}},"10":{"start":{"line":7,"column":226},"end":{"line":7,"column":246}},"11":{"start":{"line":7,"column":247},"end":{"line":7,"column":281}},"12":{"start":{"line":7,"column":275},"end":{"line":7,"column":281}},"13":{"start":{"line":7,"column":300},"end":{"line":7,"column":310}},"14":{"start":{"line":7,"column":311},"end":{"line":7,"column":320}},"15":{"start":{"line":7,"column":333},"end":{"line":7,"column":411}},"16":{"start":{"line":7,"column":339},"end":{"line":7,"column":379}},"17":{"start":{"line":7,"column":364},"end":{"line":7,"column":379}},"18":{"start":{"line":7,"column":392},"end":{"line":7,"column":409}},"19":{"start":{"line":7,"column":400},"end":{"line":7,"column":409}},"20":{"start":{"line":7,"column":414},"end":{"line":7,"column":426}},"21":{"start":{"line":7,"column":429},"end":{"line":7,"column":659}},"22":{"start":{"line":7,"column":456},"end":{"line":7,"column":656}},"23":{"start":{"line":7,"column":482},"end":{"line":7,"column":493}},"24":{"start":{"line":7,"column":501},"end":{"line":7,"column":656}},"25":{"start":{"line":7,"column":539},"end":{"line":7,"column":568}},"26":{"start":{"line":7,"column":578},"end":{"line":7,"column":654}},"27":{"start":{"line":9,"column":0},"end":{"line":114,"column":2}},"28":{"start":{"line":11,"column":4},"end":{"line":11,"column":27}},"29":{"start":{"line":12,"column":4},"end":{"line":12,"column":35}},"30":{"start":{"line":14,"column":4},"end":{"line":14,"column":81}},"31":{"start":{"line":16,"column":4},"end":{"line":113,"column":5}},"32":{"start":{"line":18,"column":8},"end":{"line":18,"column":25}},"33":{"start":{"line":20,"column":8},"end":{"line":20,"column":40}},"34":{"start":{"line":22,"column":8},"end":{"line":22,"column":56}},"35":{"start":{"line":24,"column":8},"end":{"line":24,"column":31}},"36":{"start":{"line":25,"column":8},"end":{"line":25,"column":31}},"37":{"start":{"line":28,"column":8},"end":{"line":32,"column":9}},"38":{"start":{"line":29,"column":12},"end":{"line":29,"column":89}},"39":{"start":{"line":31,"column":12},"end":{"line":31,"column":25}},"40":{"start":{"line":34,"column":8},"end":{"line":112,"column":13}},"41":{"start":{"line":35,"column":12},"end":{"line":83,"column":14}},"42":{"start":{"line":36,"column":16},"end":{"line":82,"column":19}},"43":{"start":{"line":37,"column":20},"end":{"line":81,"column":21}},"44":{"start":{"line":38,"column":24},"end":{"line":38,"column":111}},"45":{"start":{"line":41,"column":24},"end":{"line":41,"column":63}},"46":{"start":{"line":43,"column":24},"end":{"line":43,"column":74}},"47":{"start":{"line":43,"column":57},"end":{"line":43,"column":74}},"48":{"start":{"line":46,"column":24},"end":{"line":46,"column":52}},"49":{"start":{"line":47,"column":24},"end":{"line":47,"column":52}},"50":{"start":{"line":48,"column":24},"end":{"line":73,"column":25}},"51":{"start":{"line":49,"column":28},"end":{"line":49,"column":62}},"52":{"start":{"line":51,"column":28},"end":{"line":51,"column":76}},"53":{"start":{"line":53,"column":28},"end":{"line":53,"column":49}},"54":{"start":{"line":56,"column":28},"end":{"line":56,"column":139}},"55":{"start":{"line":56,"column":65},"end":{"line":56,"column":92}},"56":{"start":{"line":56,"column":97},"end":{"line":56,"column":139}},"57":{"start":{"line":56,"column":119},"end":{"line":56,"column":139}},"58":{"start":{"line":57,"column":31},"end":{"line":73,"column":25}},"59":{"start":{"line":58,"column":28},"end":{"line":58,"column":64}},"60":{"start":{"line":60,"column":28},"end":{"line":60,"column":77}},"61":{"start":{"line":62,"column":28},"end":{"line":62,"column":52}},"62":{"start":{"line":63,"column":28},"end":{"line":63,"column":52}},"63":{"start":{"line":65,"column":28},"end":{"line":70,"column":29}},"64":{"start":{"line":66,"column":32},"end":{"line":66,"column":58}},"65":{"start":{"line":68,"column":32},"end":{"line":68,"column":53}},"66":{"start":{"line":69,"column":32},"end":{"line":69,"column":58}},"67":{"start":{"line":72,"column":28},"end":{"line":72,"column":51}},"68":{"start":{"line":75,"column":24},"end":{"line":80,"column":27}},"69":{"start":{"line":79,"column":28},"end":{"line":79,"column":51}},"70":{"start":{"line":85,"column":12},"end":{"line":85,"column":51}},"71":{"start":{"line":87,"column":12},"end":{"line":87,"column":100}},"72":{"start":{"line":87,"column":37},"end":{"line":87,"column":100}},"73":{"start":{"line":89,"column":12},"end":{"line":89,"column":52}},"74":{"start":{"line":91,"column":12},"end":{"line":91,"column":66}},"75":{"start":{"line":93,"column":12},"end":{"line":93,"column":40}},"76":{"start":{"line":94,"column":12},"end":{"line":94,"column":40}},"77":{"start":{"line":95,"column":12},"end":{"line":95,"column":40}},"78":{"start":{"line":98,"column":12},"end":{"line":111,"column":15}},"79":{"start":{"line":99,"column":16},"end":{"line":110,"column":17}},"80":{"start":{"line":100,"column":20},"end":{"line":100,"column":62}},"81":{"start":{"line":101,"column":20},"end":{"line":107,"column":23}},"82":{"start":{"line":102,"column":24},"end":{"line":106,"column":25}},"83":{"start":{"line":103,"column":28},"end":{"line":103,"column":116}},"84":{"start":{"line":105,"column":28},"end":{"line":105,"column":37}},"85":{"start":{"line":109,"column":20},"end":{"line":109,"column":29}},"86":{"start":{"line":116,"column":0},"end":{"line":116,"column":35}},"87":{"start":{"line":118,"column":0},"end":{"line":118,"column":41}},"88":{"start":{"line":120,"column":0},"end":{"line":120,"column":95}},"89":{"start":{"line":120,"column":39},"end":{"line":120,"column":93}},"90":{"start":{"line":122,"column":0},"end":{"line":122,"column":23}},"91":{"start":{"line":123,"column":0},"end":{"line":123,"column":29}},"92":{"start":{"line":124,"column":0},"end":{"line":124,"column":31}}},"branchMap":{"1":{"line":7,"type":"if","locations":[{"start":{"line":7,"column":247},"end":{"line":7,"column":247}},{"start":{"line":7,"column":247},"end":{"line":7,"column":247}}]},"2":{"line":7,"type":"binary-expr","locations":[{"start":{"line":7,"column":251},"end":{"line":7,"column":252}},{"start":{"line":7,"column":256},"end":{"line":7,"column":273}}]},"3":{"line":7,"type":"if","locations":[{"start":{"line":7,"column":339},"end":{"line":7,"column":339}},{"start":{"line":7,"column":339},"end":{"line":7,"column":339}}]},"4":{"line":7,"type":"binary-expr","locations":[{"start":{"line":7,"column":343},"end":{"line":7,"column":346}},{"start":{"line":7,"column":350},"end":{"line":7,"column":362}}]},"5":{"line":7,"type":"if","locations":[{"start":{"line":7,"column":392},"end":{"line":7,"column":392}},{"start":{"line":7,"column":392},"end":{"line":7,"column":392}}]},"6":{"line":7,"type":"if","locations":[{"start":{"line":7,"column":456},"end":{"line":7,"column":456}},{"start":{"line":7,"column":456},"end":{"line":7,"column":456}}]},"7":{"line":7,"type":"if","locations":[{"start":{"line":7,"column":501},"end":{"line":7,"column":501}},{"start":{"line":7,"column":501},"end":{"line":7,"column":501}}]},"8":{"line":14,"type":"cond-expr","locations":[{"start":{"line":14,"column":57},"end":{"line":14,"column":70}},{"start":{"line":14,"column":73},"end":{"line":14,"column":79}}]},"9":{"line":16,"type":"if","locations":[{"start":{"line":16,"column":4},"end":{"line":16,"column":4}},{"start":{"line":16,"column":4},"end":{"line":16,"column":4}}]},"10":{"line":37,"type":"if","locations":[{"start":{"line":37,"column":20},"end":{"line":37,"column":20}},{"start":{"line":37,"column":20},"end":{"line":37,"column":20}}]},"11":{"line":38,"type":"binary-expr","locations":[{"start":{"line":38,"column":71},"end":{"line":38,"column":84}},{"start":{"line":38,"column":88},"end":{"line":38,"column":99}}]},"12":{"line":43,"type":"if","locations":[{"start":{"line":43,"column":24},"end":{"line":43,"column":24}},{"start":{"line":43,"column":24},"end":{"line":43,"column":24}}]},"13":{"line":48,"type":"if","locations":[{"start":{"line":48,"column":24},"end":{"line":48,"column":24}},{"start":{"line":48,"column":24},"end":{"line":48,"column":24}}]},"14":{"line":56,"type":"if","locations":[{"start":{"line":56,"column":28},"end":{"line":56,"column":28}},{"start":{"line":56,"column":28},"end":{"line":56,"column":28}}]},"15":{"line":56,"type":"if","locations":[{"start":{"line":56,"column":97},"end":{"line":56,"column":97}},{"start":{"line":56,"column":97},"end":{"line":56,"column":97}}]},"16":{"line":57,"type":"if","locations":[{"start":{"line":57,"column":31},"end":{"line":57,"column":31}},{"start":{"line":57,"column":31},"end":{"line":57,"column":31}}]},"17":{"line":65,"type":"if","locations":[{"start":{"line":65,"column":28},"end":{"line":65,"column":28}},{"start":{"line":65,"column":28},"end":{"line":65,"column":28}}]},"18":{"line":85,"type":"binary-expr","locations":[{"start":{"line":85,"column":25},"end":{"line":85,"column":44}},{"start":{"line":85,"column":48},"end":{"line":85,"column":50}}]},"19":{"line":87,"type":"if","locations":[{"start":{"line":87,"column":12},"end":{"line":87,"column":12}},{"start":{"line":87,"column":12},"end":{"line":87,"column":12}}]},"20":{"line":99,"type":"if","locations":[{"start":{"line":99,"column":16},"end":{"line":99,"column":16}},{"start":{"line":99,"column":16},"end":{"line":99,"column":16}}]},"21":{"line":102,"type":"if","locations":[{"start":{"line":102,"column":24},"end":{"line":102,"column":24}},{"start":{"line":102,"column":24},"end":{"line":102,"column":24}}]},"22":{"line":103,"type":"binary-expr","locations":[{"start":{"line":103,"column":76},"end":{"line":103,"column":89}},{"start":{"line":103,"column":93},"end":{"line":103,"column":104}}]},"23":{"line":120,"type":"cond-expr","locations":[{"start":{"line":120,"column":70},"end":{"line":120,"column":73}},{"start":{"line":120,"column":76},"end":{"line":120,"column":92}}]},"24":{"line":120,"type":"binary-expr","locations":[{"start":{"line":120,"column":46},"end":{"line":120,"column":49}},{"start":{"line":120,"column":53},"end":{"line":120,"column":67}}]}}},"/home/ubuntu/workspace/dist/utils/ini.js":{"path":"/home/ubuntu/workspace/dist/utils/ini.js","s":{"1":1,"2":1,"3":3,"4":0,"5":1,"6":1,"7":1,"8":1,"9":1,"10":3,"11":3,"12":3,"13":0,"14":3,"15":3,"16":3,"17":3,"18":0,"19":3,"20":3,"21":0,"22":0,"23":3,"24":0,"25":0,"26":0,"27":0,"28":3,"29":3,"30":3,"31":1},"b":{"1":[1,0],"2":[1,1],"3":[0,0],"4":[0,0,0],"5":[1,0],"6":[1,1],"7":[0,3],"8":[0,3],"9":[0,3],"10":[0,3],"11":[0,3],"12":[0,0]},"f":{"1":3,"2":0,"3":1,"4":3,"5":0},"fnMap":{"1":{"name":"(anonymous_1)","line":7,"loc":{"start":{"line":7,"column":84},"end":{"line":7,"column":99}}},"2":{"name":"(anonymous_2)","line":7,"loc":{"start":{"line":7,"column":124},"end":{"line":7,"column":139}}},"3":{"name":"_interopRequireDefault","line":13,"loc":{"start":{"line":13,"column":0},"end":{"line":13,"column":37}}},"4":{"name":"stringify","line":17,"loc":{"start":{"line":17,"column":15},"end":{"line":17,"column":42}}},"5":{"name":"(anonymous_5)","line":26,"loc":{"start":{"line":26,"column":63},"end":{"line":26,"column":76}}}},"statementMap":{"1":{"start":{"line":3,"column":0},"end":{"line":5,"column":3}},"2":{"start":{"line":7,"column":0},"end":{"line":7,"column":241}},"3":{"start":{"line":7,"column":101},"end":{"line":7,"column":119}},"4":{"start":{"line":7,"column":141},"end":{"line":7,"column":238}},"5":{"start":{"line":9,"column":0},"end":{"line":9,"column":40}},"6":{"start":{"line":11,"column":0},"end":{"line":11,"column":53}},"7":{"start":{"line":13,"column":0},"end":{"line":13,"column":95}},"8":{"start":{"line":13,"column":39},"end":{"line":13,"column":93}},"9":{"start":{"line":15,"column":0},"end":{"line":39,"column":2}},"10":{"start":{"line":18,"column":8},"end":{"line":18,"column":25}},"11":{"start":{"line":19,"column":8},"end":{"line":36,"column":9}},"12":{"start":{"line":20,"column":12},"end":{"line":20,"column":54}},"13":{"start":{"line":20,"column":45},"end":{"line":20,"column":54}},"14":{"start":{"line":21,"column":12},"end":{"line":21,"column":38}},"15":{"start":{"line":22,"column":12},"end":{"line":22,"column":41}},"16":{"start":{"line":23,"column":12},"end":{"line":34,"column":13}},"17":{"start":{"line":24,"column":16},"end":{"line":24,"column":60}},"18":{"start":{"line":24,"column":51},"end":{"line":24,"column":60}},"19":{"start":{"line":25,"column":16},"end":{"line":25,"column":41}},"20":{"start":{"line":26,"column":16},"end":{"line":33,"column":59}},"21":{"start":{"line":26,"column":43},"end":{"line":28,"column":28}},"22":{"start":{"line":27,"column":20},"end":{"line":27,"column":51}},"23":{"start":{"line":28,"column":33},"end":{"line":33,"column":59}},"24":{"start":{"line":29,"column":20},"end":{"line":32,"column":21}},"25":{"start":{"line":30,"column":24},"end":{"line":30,"column":67}},"26":{"start":{"line":30,"column":58},"end":{"line":30,"column":67}},"27":{"start":{"line":31,"column":24},"end":{"line":31,"column":84}},"28":{"start":{"line":33,"column":23},"end":{"line":33,"column":59}},"29":{"start":{"line":35,"column":12},"end":{"line":35,"column":28}},"30":{"start":{"line":37,"column":8},"end":{"line":37,"column":36}},"31":{"start":{"line":41,"column":0},"end":{"line":41,"column":22}}},"branchMap":{"1":{"line":7,"type":"cond-expr","locations":[{"start":{"line":7,"column":84},"end":{"line":7,"column":121}},{"start":{"line":7,"column":124},"end":{"line":7,"column":240}}]},"2":{"line":7,"type":"binary-expr","locations":[{"start":{"line":7,"column":14},"end":{"line":7,"column":42}},{"start":{"line":7,"column":46},"end":{"line":7,"column":81}}]},"3":{"line":7,"type":"cond-expr","locations":[{"start":{"line":7,"column":216},"end":{"line":7,"column":224}},{"start":{"line":7,"column":227},"end":{"line":7,"column":237}}]},"4":{"line":7,"type":"binary-expr","locations":[{"start":{"line":7,"column":148},"end":{"line":7,"column":151}},{"start":{"line":7,"column":155},"end":{"line":7,"column":183}},{"start":{"line":7,"column":187},"end":{"line":7,"column":213}}]},"5":{"line":13,"type":"cond-expr","locations":[{"start":{"line":13,"column":70},"end":{"line":13,"column":73}},{"start":{"line":13,"column":76},"end":{"line":13,"column":92}}]},"6":{"line":13,"type":"binary-expr","locations":[{"start":{"line":13,"column":46},"end":{"line":13,"column":49}},{"start":{"line":13,"column":53},"end":{"line":13,"column":67}}]},"7":{"line":20,"type":"if","locations":[{"start":{"line":20,"column":12},"end":{"line":20,"column":12}},{"start":{"line":20,"column":12},"end":{"line":20,"column":12}}]},"8":{"line":24,"type":"if","locations":[{"start":{"line":24,"column":16},"end":{"line":24,"column":16}},{"start":{"line":24,"column":16},"end":{"line":24,"column":16}}]},"9":{"line":26,"type":"if","locations":[{"start":{"line":26,"column":16},"end":{"line":26,"column":16}},{"start":{"line":26,"column":16},"end":{"line":26,"column":16}}]},"10":{"line":28,"type":"if","locations":[{"start":{"line":28,"column":33},"end":{"line":28,"column":33}},{"start":{"line":28,"column":33},"end":{"line":28,"column":33}}]},"11":{"line":28,"type":"cond-expr","locations":[{"start":{"line":28,"column":68},"end":{"line":28,"column":79}},{"start":{"line":28,"column":82},"end":{"line":28,"column":95}}]},"12":{"line":30,"type":"if","locations":[{"start":{"line":30,"column":24},"end":{"line":30,"column":24}},{"start":{"line":30,"column":24},"end":{"line":30,"column":24}}]}}},"/home/ubuntu/workspace/dist/utils/iniparser.js":{"path":"/home/ubuntu/workspace/dist/utils/iniparser.js","s":{"1":1,"2":1,"3":1,"4":3,"5":3,"6":3,"7":3,"8":3,"9":3,"10":0,"11":3,"12":0,"13":3,"14":3,"15":0,"16":3,"17":3,"18":0,"19":3,"20":0,"21":3,"22":0,"23":3,"24":0,"25":3,"26":0,"27":3,"28":0,"29":3,"30":0,"31":0,"32":0,"33":0,"34":0,"35":0,"36":0,"37":0,"38":0,"39":0,"40":0,"41":0,"42":0,"43":0,"44":0,"45":0,"46":0,"47":0,"48":0,"49":0,"50":0,"51":0,"52":0,"53":0,"54":0,"55":0,"56":0,"57":0,"58":0,"59":0,"60":0,"61":0,"62":0,"63":0,"64":0,"65":0,"66":0,"67":3,"68":3,"69":3,"70":3,"71":0,"72":0,"73":0,"74":0,"75":0,"76":0,"77":0,"78":0,"79":0,"80":0,"81":0,"82":0,"83":0,"84":0,"85":0,"86":3,"87":1},"b":{"1":[0,0],"2":[0,0],"3":[0,0],"4":[0,0],"5":[0,0],"6":[0,0],"7":[0,0],"8":[0,0],"9":[0,0],"10":[0,0],"11":[0,0],"12":[0,0],"13":[0,0],"14":[0,0],"15":[0,0],"16":[0,0],"17":[0,0],"18":[0,0]},"f":{"1":3,"2":3,"3":3,"4":0,"5":0,"6":0,"7":0,"8":0,"9":0,"10":0,"11":0,"12":0},"fnMap":{"1":{"name":"INIParse","line":13,"loc":{"start":{"line":13,"column":0},"end":{"line":13,"column":24}}},"2":{"name":"Tokenize","line":16,"loc":{"start":{"line":16,"column":1},"end":{"line":16,"column":25}}},"3":{"name":"hasCharsLeft","line":23,"loc":{"start":{"line":23,"column":21},"end":{"line":23,"column":45}}},"4":{"name":"startsSection","line":27,"loc":{"start":{"line":27,"column":22},"end":{"line":27,"column":50}}},"5":{"name":"endsSection","line":31,"loc":{"start":{"line":31,"column":20},"end":{"line":31,"column":46}}},"6":{"name":"isAlphabetic","line":37,"loc":{"start":{"line":37,"column":21},"end":{"line":37,"column":48}}},"7":{"name":"escapable","line":43,"loc":{"start":{"line":43,"column":18},"end":{"line":43,"column":42}}},"8":{"name":"isQuote","line":47,"loc":{"start":{"line":47,"column":16},"end":{"line":47,"column":38}}},"9":{"name":"isComment","line":51,"loc":{"start":{"line":51,"column":18},"end":{"line":51,"column":42}}},"10":{"name":"isAssignment","line":55,"loc":{"start":{"line":55,"column":21},"end":{"line":55,"column":48}}},"11":{"name":"nextChar","line":59,"loc":{"start":{"line":59,"column":17},"end":{"line":59,"column":37}}},"12":{"name":"peekNextChar","line":63,"loc":{"start":{"line":63,"column":21},"end":{"line":63,"column":45}}}},"statementMap":{"1":{"start":{"line":3,"column":0},"end":{"line":5,"column":3}},"2":{"start":{"line":13,"column":0},"end":{"line":155,"column":1}},"3":{"start":{"line":16,"column":1},"end":{"line":127,"column":2}},"4":{"start":{"line":18,"column":2},"end":{"line":18,"column":18}},"5":{"start":{"line":19,"column":2},"end":{"line":19,"column":24}},"6":{"start":{"line":20,"column":2},"end":{"line":20,"column":16}},"7":{"start":{"line":23,"column":2},"end":{"line":25,"column":4}},"8":{"start":{"line":24,"column":3},"end":{"line":24,"column":30}},"9":{"start":{"line":27,"column":2},"end":{"line":29,"column":4}},"10":{"start":{"line":28,"column":3},"end":{"line":28,"column":22}},"11":{"start":{"line":31,"column":2},"end":{"line":33,"column":4}},"12":{"start":{"line":32,"column":3},"end":{"line":32,"column":22}},"13":{"start":{"line":35,"column":2},"end":{"line":35,"column":36}},"14":{"start":{"line":37,"column":2},"end":{"line":39,"column":4}},"15":{"start":{"line":38,"column":3},"end":{"line":38,"column":35}},"16":{"start":{"line":41,"column":2},"end":{"line":41,"column":31}},"17":{"start":{"line":43,"column":2},"end":{"line":45,"column":4}},"18":{"start":{"line":44,"column":3},"end":{"line":44,"column":33}},"19":{"start":{"line":47,"column":2},"end":{"line":49,"column":4}},"20":{"start":{"line":48,"column":3},"end":{"line":48,"column":22}},"21":{"start":{"line":51,"column":2},"end":{"line":53,"column":4}},"22":{"start":{"line":52,"column":3},"end":{"line":52,"column":22}},"23":{"start":{"line":55,"column":2},"end":{"line":57,"column":4}},"24":{"start":{"line":56,"column":3},"end":{"line":56,"column":22}},"25":{"start":{"line":59,"column":2},"end":{"line":61,"column":4}},"26":{"start":{"line":60,"column":3},"end":{"line":60,"column":34}},"27":{"start":{"line":63,"column":2},"end":{"line":65,"column":4}},"28":{"start":{"line":64,"column":3},"end":{"line":64,"column":26}},"29":{"start":{"line":68,"column":2},"end":{"line":123,"column":3}},"30":{"start":{"line":69,"column":3},"end":{"line":120,"column":4}},"31":{"start":{"line":70,"column":4},"end":{"line":70,"column":33}},"32":{"start":{"line":71,"column":4},"end":{"line":74,"column":5}},"33":{"start":{"line":72,"column":5},"end":{"line":72,"column":82}},"34":{"start":{"line":72,"column":26},"end":{"line":72,"column":82}},"35":{"start":{"line":73,"column":5},"end":{"line":73,"column":31}},"36":{"start":{"line":75,"column":4},"end":{"line":75,"column":29}},"37":{"start":{"line":76,"column":10},"end":{"line":120,"column":4}},"38":{"start":{"line":77,"column":4},"end":{"line":79,"column":5}},"39":{"start":{"line":78,"column":5},"end":{"line":78,"column":16}},"40":{"start":{"line":80,"column":10},"end":{"line":120,"column":4}},"41":{"start":{"line":81,"column":4},"end":{"line":81,"column":21}},"42":{"start":{"line":82,"column":4},"end":{"line":82,"column":22}},"43":{"start":{"line":83,"column":4},"end":{"line":83,"column":21}},"44":{"start":{"line":84,"column":4},"end":{"line":101,"column":5}},"45":{"start":{"line":85,"column":5},"end":{"line":85,"column":23}},"46":{"start":{"line":86,"column":5},"end":{"line":88,"column":6}},"47":{"start":{"line":87,"column":6},"end":{"line":87,"column":25}},"48":{"start":{"line":89,"column":5},"end":{"line":89,"column":16}},"49":{"start":{"line":91,"column":5},"end":{"line":91,"column":20}},"50":{"start":{"line":92,"column":5},"end":{"line":100,"column":6}},"51":{"start":{"line":93,"column":6},"end":{"line":93,"column":17}},"52":{"start":{"line":94,"column":6},"end":{"line":98,"column":7}},"53":{"start":{"line":95,"column":7},"end":{"line":97,"column":8}},"54":{"start":{"line":96,"column":8},"end":{"line":96,"column":19}},"55":{"start":{"line":99,"column":6},"end":{"line":99,"column":22}},"56":{"start":{"line":102,"column":4},"end":{"line":102,"column":22}},"57":{"start":{"line":104,"column":4},"end":{"line":104,"column":15}},"58":{"start":{"line":107,"column":4},"end":{"line":109,"column":5}},"59":{"start":{"line":108,"column":5},"end":{"line":108,"column":101}},"60":{"start":{"line":111,"column":4},"end":{"line":111,"column":15}},"61":{"start":{"line":114,"column":4},"end":{"line":114,"column":18}},"62":{"start":{"line":115,"column":4},"end":{"line":117,"column":5}},"63":{"start":{"line":116,"column":5},"end":{"line":116,"column":23}},"64":{"start":{"line":118,"column":4},"end":{"line":118,"column":21}},"65":{"start":{"line":119,"column":4},"end":{"line":119,"column":25}},"66":{"start":{"line":122,"column":3},"end":{"line":122,"column":14}},"67":{"start":{"line":126,"column":2},"end":{"line":126,"column":16}},"68":{"start":{"line":130,"column":1},"end":{"line":130,"column":32}},"69":{"start":{"line":133,"column":1},"end":{"line":133,"column":17}},"70":{"start":{"line":135,"column":1},"end":{"line":152,"column":2}},"71":{"start":{"line":136,"column":2},"end":{"line":136,"column":31}},"72":{"start":{"line":137,"column":2},"end":{"line":137,"column":20}},"73":{"start":{"line":138,"column":2},"end":{"line":151,"column":3}},"74":{"start":{"line":139,"column":3},"end":{"line":139,"column":33}},"75":{"start":{"line":140,"column":3},"end":{"line":140,"column":27}},"76":{"start":{"line":141,"column":3},"end":{"line":150,"column":44}},"77":{"start":{"line":142,"column":4},"end":{"line":142,"column":40}},"78":{"start":{"line":143,"column":4},"end":{"line":143,"column":56}},"79":{"start":{"line":144,"column":4},"end":{"line":144,"column":41}},"80":{"start":{"line":145,"column":10},"end":{"line":150,"column":44}},"81":{"start":{"line":146,"column":4},"end":{"line":146,"column":60}},"82":{"start":{"line":147,"column":4},"end":{"line":147,"column":39}},"83":{"start":{"line":148,"column":4},"end":{"line":148,"column":58}},"84":{"start":{"line":149,"column":4},"end":{"line":149,"column":44}},"85":{"start":{"line":150,"column":10},"end":{"line":150,"column":44}},"86":{"start":{"line":154,"column":1},"end":{"line":154,"column":15}},"87":{"start":{"line":157,"column":0},"end":{"line":157,"column":27}}},"branchMap":{"1":{"line":69,"type":"if","locations":[{"start":{"line":69,"column":3},"end":{"line":69,"column":3}},{"start":{"line":69,"column":3},"end":{"line":69,"column":3}}]},"2":{"line":72,"type":"if","locations":[{"start":{"line":72,"column":5},"end":{"line":72,"column":5}},{"start":{"line":72,"column":5},"end":{"line":72,"column":5}}]},"3":{"line":76,"type":"if","locations":[{"start":{"line":76,"column":10},"end":{"line":76,"column":10}},{"start":{"line":76,"column":10},"end":{"line":76,"column":10}}]},"4":{"line":77,"type":"binary-expr","locations":[{"start":{"line":77,"column":11},"end":{"line":77,"column":27}},{"start":{"line":77,"column":31},"end":{"line":77,"column":45}}]},"5":{"line":80,"type":"if","locations":[{"start":{"line":80,"column":10},"end":{"line":80,"column":10}},{"start":{"line":80,"column":10},"end":{"line":80,"column":10}}]},"6":{"line":80,"type":"binary-expr","locations":[{"start":{"line":80,"column":14},"end":{"line":80,"column":35}},{"start":{"line":80,"column":39},"end":{"line":80,"column":55}}]},"7":{"line":84,"type":"if","locations":[{"start":{"line":84,"column":4},"end":{"line":84,"column":4}},{"start":{"line":84,"column":4},"end":{"line":84,"column":4}}]},"8":{"line":86,"type":"binary-expr","locations":[{"start":{"line":86,"column":12},"end":{"line":86,"column":36}},{"start":{"line":86,"column":40},"end":{"line":86,"column":54}}]},"9":{"line":92,"type":"binary-expr","locations":[{"start":{"line":92,"column":12},"end":{"line":92,"column":41}},{"start":{"line":92,"column":45},"end":{"line":92,"column":59}}]},"10":{"line":94,"type":"if","locations":[{"start":{"line":94,"column":6},"end":{"line":94,"column":6}},{"start":{"line":94,"column":6},"end":{"line":94,"column":6}}]},"11":{"line":95,"type":"if","locations":[{"start":{"line":95,"column":7},"end":{"line":95,"column":7}},{"start":{"line":95,"column":7},"end":{"line":95,"column":7}}]},"12":{"line":107,"type":"if","locations":[{"start":{"line":107,"column":4},"end":{"line":107,"column":4}},{"start":{"line":107,"column":4},"end":{"line":107,"column":4}}]},"13":{"line":115,"type":"binary-expr","locations":[{"start":{"line":115,"column":11},"end":{"line":115,"column":34}},{"start":{"line":115,"column":38},"end":{"line":115,"column":52}}]},"14":{"line":138,"type":"binary-expr","locations":[{"start":{"line":138,"column":9},"end":{"line":138,"column":36}},{"start":{"line":138,"column":40},"end":{"line":138,"column":56}}]},"15":{"line":141,"type":"if","locations":[{"start":{"line":141,"column":3},"end":{"line":141,"column":3}},{"start":{"line":141,"column":3},"end":{"line":141,"column":3}}]},"16":{"line":143,"type":"binary-expr","locations":[{"start":{"line":143,"column":28},"end":{"line":143,"column":49}},{"start":{"line":143,"column":53},"end":{"line":143,"column":55}}]},"17":{"line":145,"type":"if","locations":[{"start":{"line":145,"column":10},"end":{"line":145,"column":10}},{"start":{"line":145,"column":10},"end":{"line":145,"column":10}}]},"18":{"line":148,"type":"binary-expr","locations":[{"start":{"line":148,"column":29},"end":{"line":148,"column":51}},{"start":{"line":148,"column":55},"end":{"line":148,"column":57}}]}}}}