TN:
SF:/home/ubuntu/workspace/dist/bin/cpm-cli.js
FN:12,_interopRequireDefault
FN:19,EXEC
FN:23,ERR
FN:30,(anonymous_4)
FNF:4
FNH:3
FNDA:1,_interopRequireDefault
FNDA:3,EXEC
FNDA:0,ERR
FNDA:3,(anonymous_4)
DA:4,1
DA:8,1
DA:10,1
DA:12,1
DA:14,1
DA:15,1
DA:17,1
DA:19,1
DA:21,3
DA:23,3
DA:24,0
DA:28,3
DA:30,3
DA:31,3
DA:32,3
DA:34,3
DA:35,3
DA:36,3
DA:37,3
DA:38,3
DA:39,3
DA:40,3
DA:43,3
DA:45,3
DA:47,0
DA:48,0
DA:53,1
DA:54,0
DA:57,1
LF:29
LH:25
BRDA:12,1,0,1
BRDA:12,1,1,0
BRDA:12,2,0,1
BRDA:12,2,1,1
BRDA:31,3,0,3
BRDA:31,3,1,0
BRDA:35,4,0,3
BRDA:35,4,1,0
BRDA:37,5,0,3
BRDA:37,5,1,0
BRDA:39,6,0,3
BRDA:39,6,1,0
BRDA:47,7,0,0
BRDA:47,7,1,0
BRDA:53,8,0,0
BRDA:53,8,1,1
BRDA:54,9,0,0
BRDA:54,9,1,0
BRF:18
BRH:8
end_of_record
TN:
SF:/home/ubuntu/workspace/dist/conf/cpm.js
FN:7,(anonymous_1)
FN:7,defineProperties
FN:7,(anonymous_3)
FN:9,_classCallCheck
FN:11,(anonymous_5)
FN:12,CPM
FN:20,die
FNF:7
FNH:6
FNDA:1,(anonymous_1)
FNDA:1,defineProperties
FNDA:1,(anonymous_3)
FNDA:3,_classCallCheck
FNDA:1,(anonymous_5)
FNDA:3,CPM
FNDA:0,die
DA:3,1
DA:7,1
DA:9,3
DA:11,1
DA:12,1
DA:13,3
DA:15,3
DA:18,1
DA:21,0
DA:23,0
DA:24,0
DA:28,1
DA:31,1
LF:13
LH:10
BRDA:7,1,0,1
BRDA:7,1,1,1
BRDA:7,2,0,1
BRDA:7,2,1,0
BRDA:7,3,0,1
BRDA:7,3,1,0
BRDA:7,4,0,0
BRDA:7,4,1,1
BRDA:9,5,0,0
BRDA:9,5,1,3
BRDA:21,6,0,0
BRDA:21,6,1,0
BRDA:21,7,0,0
BRDA:21,7,1,0
BRF:14
BRH:6
end_of_record
TN:
SF:/home/ubuntu/workspace/dist/lib/config.js
FN:7,(anonymous_1)
FN:7,sliceIterator
FN:7,(anonymous_3)
FN:9,(anonymous_4)
FN:34,(anonymous_5)
FN:35,MODIFY
FN:36,(anonymous_7)
FN:78,(anonymous_8)
FN:98,(anonymous_9)
FN:101,(anonymous_10)
FN:120,_interopRequireDefault
FNF:11
FNH:9
FNDA:1,(anonymous_1)
FNDA:0,sliceIterator
FNDA:3,(anonymous_3)
FNDA:3,(anonymous_4)
FNDA:3,(anonymous_5)
FNDA:3,MODIFY
FNDA:3,(anonymous_7)
FNDA:1,(anonymous_8)
FNDA:3,(anonymous_9)
FNDA:0,(anonymous_10)
FNDA:1,_interopRequireDefault
DA:3,1
DA:7,3
DA:9,1
DA:11,3
DA:12,3
DA:14,3
DA:16,3
DA:18,0
DA:20,0
DA:22,0
DA:24,0
DA:25,0
DA:28,0
DA:29,0
DA:31,0
DA:34,3
DA:35,3
DA:36,3
DA:37,3
DA:38,0
DA:41,3
DA:43,3
DA:46,3
DA:47,3
DA:48,3
DA:49,0
DA:51,0
DA:53,0
DA:56,0
DA:57,3
DA:58,0
DA:60,0
DA:62,0
DA:63,0
DA:65,0
DA:66,0
DA:68,0
DA:69,0
DA:72,3
DA:75,3
DA:79,1
DA:85,3
DA:87,3
DA:89,3
DA:91,3
DA:93,3
DA:94,3
DA:95,3
DA:98,3
DA:99,3
DA:100,0
DA:101,0
DA:102,0
DA:103,0
DA:105,0
DA:109,3
DA:116,1
DA:118,1
DA:120,1
DA:122,1
DA:123,1
DA:124,1
LF:62
LH:36
BRDA:7,1,0,0
BRDA:7,1,1,0
BRDA:7,2,0,0
BRDA:7,2,1,0
BRDA:7,3,0,0
BRDA:7,3,1,0
BRDA:7,4,0,0
BRDA:7,4,1,0
BRDA:7,5,0,0
BRDA:7,5,1,0
BRDA:7,6,0,3
BRDA:7,6,1,0
BRDA:7,7,0,0
BRDA:7,7,1,0
BRDA:14,8,0,0
BRDA:14,8,1,3
BRDA:16,9,0,0
BRDA:16,9,1,3
BRDA:37,10,0,0
BRDA:37,10,1,3
BRDA:38,11,0,0
BRDA:38,11,1,0
BRDA:43,12,0,3
BRDA:43,12,1,0
BRDA:48,13,0,0
BRDA:48,13,1,3
BRDA:56,14,0,0
BRDA:56,14,1,0
BRDA:56,15,0,0
BRDA:56,15,1,0
BRDA:57,16,0,0
BRDA:57,16,1,3
BRDA:65,17,0,0
BRDA:65,17,1,0
BRDA:85,18,0,3
BRDA:85,18,1,0
BRDA:87,19,0,0
BRDA:87,19,1,3
BRDA:99,20,0,0
BRDA:99,20,1,3
BRDA:102,21,0,0
BRDA:102,21,1,0
BRDA:103,22,0,0
BRDA:103,22,1,0
BRDA:120,23,0,1
BRDA:120,23,1,0
BRDA:120,24,0,1
BRDA:120,24,1,1
BRF:48
BRH:13
end_of_record
TN:
SF:/home/ubuntu/workspace/dist/utils/ini.js
FN:7,(anonymous_1)
FN:7,(anonymous_2)
FN:13,_interopRequireDefault
FN:17,stringify
FN:26,(anonymous_5)
FNF:5
FNH:3
FNDA:3,(anonymous_1)
FNDA:0,(anonymous_2)
FNDA:1,_interopRequireDefault
FNDA:3,stringify
FNDA:0,(anonymous_5)
DA:3,1
DA:7,3
DA:9,1
DA:11,1
DA:13,1
DA:15,1
DA:18,3
DA:19,3
DA:20,3
DA:21,3
DA:22,3
DA:23,3
DA:24,3
DA:25,3
DA:26,3
DA:27,0
DA:28,3
DA:29,0
DA:30,0
DA:31,0
DA:33,3
DA:35,3
DA:37,3
DA:41,1
LF:24
LH:20
BRDA:7,1,0,1
BRDA:7,1,1,0
BRDA:7,2,0,1
BRDA:7,2,1,1
BRDA:7,3,0,0
BRDA:7,3,1,0
BRDA:7,4,0,0
BRDA:7,4,1,0
BRDA:7,4,2,0
BRDA:13,5,0,1
BRDA:13,5,1,0
BRDA:13,6,0,1
BRDA:13,6,1,1
BRDA:20,7,0,0
BRDA:20,7,1,3
BRDA:24,8,0,0
BRDA:24,8,1,3
BRDA:26,9,0,0
BRDA:26,9,1,3
BRDA:28,10,0,0
BRDA:28,10,1,3
BRDA:28,11,0,0
BRDA:28,11,1,3
BRDA:30,12,0,0
BRDA:30,12,1,0
BRF:25
BRH:11
end_of_record
TN:
SF:/home/ubuntu/workspace/dist/utils/iniparser.js
FN:13,INIParse
FN:16,Tokenize
FN:23,hasCharsLeft
FN:27,startsSection
FN:31,endsSection
FN:37,isAlphabetic
FN:43,escapable
FN:47,isQuote
FN:51,isComment
FN:55,isAssignment
FN:59,nextChar
FN:63,peekNextChar
FNF:12
FNH:3
FNDA:3,INIParse
FNDA:3,Tokenize
FNDA:3,hasCharsLeft
FNDA:0,startsSection
FNDA:0,endsSection
FNDA:0,isAlphabetic
FNDA:0,escapable
FNDA:0,isQuote
FNDA:0,isComment
FNDA:0,isAssignment
FNDA:0,nextChar
FNDA:0,peekNextChar
DA:3,1
DA:13,1
DA:16,1
DA:18,3
DA:19,3
DA:20,3
DA:23,3
DA:24,3
DA:27,3
DA:28,0
DA:31,3
DA:32,0
DA:35,3
DA:37,3
DA:38,0
DA:41,3
DA:43,3
DA:44,0
DA:47,3
DA:48,0
DA:51,3
DA:52,0
DA:55,3
DA:56,0
DA:59,3
DA:60,0
DA:63,3
DA:64,0
DA:68,3
DA:69,0
DA:70,0
DA:71,0
DA:72,0
DA:73,0
DA:75,0
DA:76,0
DA:77,0
DA:78,0
DA:80,0
DA:81,0
DA:82,0
DA:83,0
DA:84,0
DA:85,0
DA:86,0
DA:87,0
DA:89,0
DA:91,0
DA:92,0
DA:93,0
DA:94,0
DA:95,0
DA:96,0
DA:99,0
DA:102,0
DA:104,0
DA:107,0
DA:108,0
DA:111,0
DA:114,0
DA:115,0
DA:116,0
DA:118,0
DA:119,0
DA:122,0
DA:126,3
DA:130,3
DA:133,3
DA:135,3
DA:136,0
DA:137,0
DA:138,0
DA:139,0
DA:140,0
DA:141,0
DA:142,0
DA:143,0
DA:144,0
DA:145,0
DA:146,0
DA:147,0
DA:148,0
DA:149,0
DA:150,0
DA:154,3
DA:157,1
LF:86
LH:26
BRDA:69,1,0,0
BRDA:69,1,1,0
BRDA:72,2,0,0
BRDA:72,2,1,0
BRDA:76,3,0,0
BRDA:76,3,1,0
BRDA:77,4,0,0
BRDA:77,4,1,0
BRDA:80,5,0,0
BRDA:80,5,1,0
BRDA:80,6,0,0
BRDA:80,6,1,0
BRDA:84,7,0,0
BRDA:84,7,1,0
BRDA:86,8,0,0
BRDA:86,8,1,0
BRDA:92,9,0,0
BRDA:92,9,1,0
BRDA:94,10,0,0
BRDA:94,10,1,0
BRDA:95,11,0,0
BRDA:95,11,1,0
BRDA:107,12,0,0
BRDA:107,12,1,0
BRDA:115,13,0,0
BRDA:115,13,1,0
BRDA:138,14,0,0
BRDA:138,14,1,0
BRDA:141,15,0,0
BRDA:141,15,1,0
BRDA:143,16,0,0
BRDA:143,16,1,0
BRDA:145,17,0,0
BRDA:145,17,1,0
BRDA:148,18,0,0
BRDA:148,18,1,0
BRF:36
BRH:0
end_of_record
